10:02:09:467 [ALWAYS]	GUDE Logging Started
10:02:09:467 [INFO]	SqliteResumeCache::SqliteResumeCache basedirectory is null/empty
10:02:09:468 [ERROR]	SqliteResumeCache::CreateSqliteResumeCache creating resume cache pointer failure
10:02:09:468 [ERROR]	Initialize resume cache pointer failure
10:02:09:468 [INFO]	gude policy POLICY_USER limit (2,2,1) chunk 2097152, chunking (UL 0 DL 1), resXfer 1, adapt 0, NSURL 0, timeout 86400 
10:02:09:468 [INFO]	Initialized -- gude-lib version: v0.12.1 app: gude
10:02:13:269 [WARN]	Ignoring attempt to reinit logging to \gude at level 4 retaining 3 days of logs
10:02:13:269 [INFO]	SqliteResumeCache::SqliteResumeCache basedirectory is null/empty
10:02:13:269 [ERROR]	SqliteResumeCache::CreateSqliteResumeCache creating resume cache pointer failure
10:02:13:269 [ERROR]	Initialize resume cache pointer failure
10:02:13:269 [INFO]	gude policy POLICY_USER limit (4,4,1) chunk 2097152, chunking (UL 0 DL 1), resXfer 1, adapt 0, NSURL 1, timeout 86400 
10:02:13:269 [INFO]	Initialized -- gude-lib version: v0.12.1 app: gude
16:31:17:790 [ALWAYS]	GUDE Logging Started
16:31:17:791 [INFO]	SqliteResumeCache::SqliteResumeCache basedirectory is null/empty
16:31:17:791 [ERROR]	SqliteResumeCache::CreateSqliteResumeCache creating resume cache pointer failure
16:31:17:791 [ERROR]	Initialize resume cache pointer failure
16:31:17:791 [INFO]	gude policy POLICY_USER limit (2,2,1) chunk 2097152, chunking (UL 0 DL 1), resXfer 1, adapt 0, NSURL 0, timeout 86400 
16:31:17:791 [INFO]	Initialized -- gude-lib version: v0.12.1 app: gude
16:31:24:774 [WARN]	Ignoring attempt to reinit logging to \gude at level 4 retaining 3 days of logs
16:31:24:774 [INFO]	SqliteResumeCache::SqliteResumeCache basedirectory is null/empty
16:31:24:774 [ERROR]	SqliteResumeCache::CreateSqliteResumeCache creating resume cache pointer failure
16:31:24:774 [ERROR]	Initialize resume cache pointer failure
16:31:24:774 [INFO]	gude policy POLICY_USER limit (4,4,1) chunk 2097152, chunking (UL 0 DL 1), resXfer 1, adapt 0, NSURL 1, timeout 86400 
16:31:24:774 [INFO]	Initialized -- gude-lib version: v0.12.1 app: gude
